Tue May 19 14:28:50 UserDiv from Layout.INI for AutoECO: 60
Tue May 19 14:28:50 Loaded file C:\ORCAD\ORCAD_10.5\TOOLS\LAYOUT_PLUS\DATA\_DEFAULT.TCH
Tue May 19 14:28:50 Loaded file C:\USERS\VENELIN\DESKTOP\ULTRASONIC_TRILATERATION\ARDUINO.LLB
Tue May 19 14:28:50 Loaded file C:\USERS\VENELIN\DOCUMENTS\CAP_ASS.LLB
Tue May 19 14:28:50 Loaded file C:\USERS\VENELIN\DOCUMENTS\CAP_RAD.LLB
Tue May 19 14:28:50 Loaded file C:\USERS\VENELIN\DOCUMENTS\CONN_COAX.LLB
Tue May 19 14:28:50 Loaded file C:\USERS\VENELIN\DOCUMENTS\CONN_DIN.LLB
Tue May 19 14:28:50 Loaded file C:\USERS\VENELIN\DOCUMENTS\CONN_DSUB.LLB
Tue May 19 14:28:50 Loaded file C:\USERS\VENELIN\DOCUMENTS\CONN_STRIP.LLB
Tue May 19 14:28:50 Loaded file C:\USERS\VENELIN\DOCUMENTS\DEVICE.LLB
Tue May 19 14:28:50 Loaded file C:\USERS\VENELIN\DOCUMENTS\DIODE.LLB
Tue May 19 14:28:50 Loaded file C:\USERS\VENELIN\DOCUMENTS\DIP.LLB
Tue May 19 14:28:50 Loaded file C:\USERS\VENELIN\DOCUMENTS\INDUTTORI.LLB
Tue May 19 14:28:50 Loaded file C:\USERS\VENELIN\DOCUMENTS\MORSETTIERE.LLB
Tue May 19 14:28:50 Loaded file C:\USERS\VENELIN\DOCUMENTS\OPTOELETTRONICA.LLB
Tue May 19 14:28:50 Loaded file C:\USERS\VENELIN\DOCUMENTS\PLCCNEW.LLB
Tue May 19 14:28:50 Loaded file C:\USERS\VENELIN\DOCUMENTS\PQFP.LLB
Tue May 19 14:28:50 Loaded file C:\USERS\VENELIN\DOCUMENTS\QUARZI.LLB
Tue May 19 14:28:50 Loaded file C:\USERS\VENELIN\DOCUMENTS\RELAYNEW.LLB
Tue May 19 14:28:50 Loaded file C:\USERS\VENELIN\DOCUMENTS\RESIST.LLB
Tue May 19 14:28:50 Loaded file C:\USERS\VENELIN\DOCUMENTS\SHEET01.LLB
Tue May 19 14:28:50 Loaded file C:\USERS\VENELIN\DOCUMENTS\SHEET02.LLB
Tue May 19 14:28:50 Loaded file C:\USERS\VENELIN\DOCUMENTS\SHEET03.LLB
Tue May 19 14:28:50 Loaded file C:\USERS\VENELIN\DOCUMENTS\SHEET04.LLB
Tue May 19 14:28:50 Loaded file C:\USERS\VENELIN\DOCUMENTS\SHEET05.LLB
Tue May 19 14:28:50 Loaded file C:\USERS\VENELIN\DOCUMENTS\SHEET06.LLB
Tue May 19 14:28:50 Loaded file C:\USERS\VENELIN\DOCUMENTS\SHEET08.LLB
Tue May 19 14:28:50 Loaded file C:\USERS\VENELIN\DOCUMENTS\SHEET09.LLB
Tue May 19 14:28:50 Loaded file C:\USERS\VENELIN\DOCUMENTS\SHEET10.LLB
Tue May 19 14:28:50 Loaded file C:\USERS\VENELIN\DOCUMENTS\SHEET11.LLB
Tue May 19 14:28:50 Loaded file C:\USERS\VENELIN\DOCUMENTS\SHEET12.LLB
Tue May 19 14:28:50 Loaded file C:\USERS\VENELIN\DOCUMENTS\SHEET13.LLB
Tue May 19 14:28:50 Loaded file C:\USERS\VENELIN\DOCUMENTS\SHEET14.LLB
Tue May 19 14:28:50 Loaded file C:\USERS\VENELIN\DOCUMENTS\SHEET15.LLB
Tue May 19 14:28:50 Loaded file C:\USERS\VENELIN\DOCUMENTS\SHEET16.LLB
Tue May 19 14:28:50 Loaded file C:\USERS\VENELIN\DOCUMENTS\SHEET17.LLB
Tue May 19 14:28:50 Loaded file C:\USERS\VENELIN\DOCUMENTS\SHEET18.LLB
Tue May 19 14:28:50 Loaded file C:\USERS\VENELIN\DOCUMENTS\SHEET19.LLB
Tue May 19 14:28:50 Loaded file C:\USERS\VENELIN\DOCUMENTS\SHEET20.LLB
Tue May 19 14:28:50 Loaded file C:\USERS\VENELIN\DOCUMENTS\SHEET21.LLB
Tue May 19 14:28:50 Loaded file C:\USERS\VENELIN\DOCUMENTS\SHEET22.LLB
Tue May 19 14:28:50 Loaded file C:\USERS\VENELIN\DOCUMENTS\SHEET23.LLB
Tue May 19 14:28:50 Loaded file C:\USERS\VENELIN\DOCUMENTS\SHEET24.LLB
Tue May 19 14:28:50 Loaded file C:\USERS\VENELIN\DOCUMENTS\SHEET25.LLB
Tue May 19 14:28:50 Loaded file C:\USERS\VENELIN\DOCUMENTS\SHEET26.LLB
Tue May 19 14:28:50 Loaded file C:\USERS\VENELIN\DOCUMENTS\SHEET27.LLB
Tue May 19 14:28:50 Loaded file C:\USERS\VENELIN\DOCUMENTS\SHEET28.LLB
Tue May 19 14:28:50 Loaded file C:\USERS\VENELIN\DOCUMENTS\SHEET29.LLB
Tue May 19 14:28:50 Loaded file C:\USERS\VENELIN\DOCUMENTS\SHEET30.LLB
Tue May 19 14:28:50 Loaded file C:\USERS\VENELIN\DOCUMENTS\SHEET31.LLB
Tue May 19 14:28:50 Loaded file C:\USERS\VENELIN\DOCUMENTS\SHEET32.LLB
Tue May 19 14:28:50 Loaded file C:\USERS\VENELIN\DOCUMENTS\SHEET33.LLB
Tue May 19 14:28:50 Loaded file C:\USERS\VENELIN\DOCUMENTS\SHEET34.LLB
Tue May 19 14:28:50 Loaded file C:\USERS\VENELIN\DOCUMENTS\SMD.LLB
Tue May 19 14:28:50 Loaded file C:\USERS\VENELIN\DOCUMENTS\SWITCH.LLB
Tue May 19 14:28:50 Loaded file C:\USERS\VENELIN\DOCUMENTS\TONEW.LLB
Tue May 19 14:28:50 Loaded file C:\USERS\VENELIN\DOCUMENTS\TRANSFORMER.LLB
Tue May 19 14:28:50 Loaded file C:\USERS\VENELIN\DOCUMENTS\TRIMMER.LLB
Tue May 19 14:28:50 Loaded file C:\OrCAD\OrCAD_10.5\tools\Layout_Plus\library\BCON100T.llb
Tue May 19 14:28:50 Loaded file C:\OrCAD\OrCAD_10.5\tools\Layout_Plus\library\BCON156T.llb
Tue May 19 14:28:50 Loaded file C:\OrCAD\OrCAD_10.5\tools\Layout_Plus\library\BGA.llb
Tue May 19 14:28:50 Loaded file C:\OrCAD\OrCAD_10.5\tools\Layout_Plus\library\CLCC.llb
Tue May 19 14:28:50 Loaded file C:\OrCAD\OrCAD_10.5\tools\Layout_Plus\library\DCON050T.llb
Tue May 19 14:28:50 Loaded file C:\OrCAD\OrCAD_10.5\tools\Layout_Plus\library\DCON085T.llb
Tue May 19 14:28:50 Loaded file C:\OrCAD\OrCAD_10.5\tools\Layout_Plus\library\DIMM050F.llb
Tue May 19 14:28:50 Loaded file C:\OrCAD\OrCAD_10.5\tools\Layout_Plus\library\DIMM050T.llb
Tue May 19 14:28:50 Loaded file C:\OrCAD\OrCAD_10.5\tools\Layout_Plus\library\DIN.llb
Tue May 19 14:28:50 Loaded file C:\OrCAD\OrCAD_10.5\tools\Layout_Plus\library\DIP100B.llb
Tue May 19 14:28:50 Loaded file C:\OrCAD\OrCAD_10.5\tools\Layout_Plus\library\DIP100T.llb
Tue May 19 14:28:50 Loaded file C:\OrCAD\OrCAD_10.5\tools\Layout_Plus\library\DSUBT.llb
Tue May 19 14:28:50 Loaded file C:\OrCAD\OrCAD_10.5\tools\Layout_Plus\library\DSUBT_HD.LLB
Tue May 19 14:28:50 Loaded file C:\OrCAD\OrCAD_10.5\tools\Layout_Plus\library\ECON100T.llb
Tue May 19 14:28:50 Loaded file C:\OrCAD\OrCAD_10.5\tools\Layout_Plus\library\FBUS.llb
Tue May 19 14:28:50 Loaded file C:\OrCAD\OrCAD_10.5\tools\Layout_Plus\library\ISA.llb
Tue May 19 14:28:50 Loaded file C:\OrCAD\OrCAD_10.5\tools\Layout_Plus\library\JUMPER.LLB
Tue May 19 14:28:50 Loaded file C:\OrCAD\OrCAD_10.5\tools\Layout_Plus\library\LAYOUT.llb
Tue May 19 14:28:50 Loaded file C:\OrCAD\OrCAD_10.5\tools\Layout_Plus\library\LCON100T.llb
Tue May 19 14:28:50 Loaded file C:\OrCAD\OrCAD_10.5\tools\Layout_Plus\library\PC104.llb
Tue May 19 14:28:50 Loaded file C:\OrCAD\OrCAD_10.5\tools\Layout_Plus\library\PCI.llb
Tue May 19 14:28:50 Loaded file C:\OrCAD\OrCAD_10.5\tools\Layout_Plus\library\PCON100T.llb
Tue May 19 14:28:50 Loaded file C:\OrCAD\OrCAD_10.5\tools\Layout_Plus\library\PCON156T.llb
Tue May 19 14:28:50 Loaded file C:\OrCAD\OrCAD_10.5\tools\Layout_Plus\library\PGA.llb
Tue May 19 14:28:50 Loaded file C:\OrCAD\OrCAD_10.5\tools\Layout_Plus\library\PLCC.llb
Tue May 19 14:28:50 Loaded file C:\OrCAD\OrCAD_10.5\tools\Layout_Plus\library\QUAD.llb
Tue May 19 14:28:50 Loaded file C:\OrCAD\OrCAD_10.5\tools\Layout_Plus\library\QUADB.llb
Tue May 19 14:28:50 Loaded file C:\OrCAD\OrCAD_10.5\tools\Layout_Plus\library\RELAY.llb
Tue May 19 14:28:50 Loaded file C:\OrCAD\OrCAD_10.5\tools\Layout_Plus\library\RF.llb
Tue May 19 14:28:50 Loaded file C:\OrCAD\OrCAD_10.5\tools\Layout_Plus\library\SBUS.llb
Tue May 19 14:28:50 Loaded file C:\OrCAD\OrCAD_10.5\tools\Layout_Plus\library\SIMM050F.llb
Tue May 19 14:28:50 Loaded file C:\OrCAD\OrCAD_10.5\tools\Layout_Plus\library\SIMM050T.llb
Tue May 19 14:28:50 Loaded file C:\OrCAD\OrCAD_10.5\tools\Layout_Plus\library\SIMM100F.llb
Tue May 19 14:28:50 Loaded file C:\OrCAD\OrCAD_10.5\tools\Layout_Plus\library\SIMM100T.llb
Tue May 19 14:28:50 Loaded file C:\OrCAD\OrCAD_10.5\tools\Layout_Plus\library\SIP.llb
Tue May 19 14:28:50 Loaded file C:\OrCAD\OrCAD_10.5\tools\Layout_Plus\library\SM.llb
Tue May 19 14:28:50 Loaded file C:\OrCAD\OrCAD_10.5\tools\Layout_Plus\library\SOG.llb
Tue May 19 14:28:50 Loaded file C:\OrCAD\OrCAD_10.5\tools\Layout_Plus\library\SOJ.llb
Tue May 19 14:28:50 Loaded file C:\OrCAD\OrCAD_10.5\tools\Layout_Plus\library\STIFF.llb
Tue May 19 14:28:50 Loaded file C:\OrCAD\OrCAD_10.5\tools\Layout_Plus\library\TELE.llb
Tue May 19 14:28:50 Loaded file C:\OrCAD\OrCAD_10.5\tools\Layout_Plus\library\TM_AXIAL.llb
Tue May 19 14:28:50 Loaded file C:\OrCAD\OrCAD_10.5\tools\Layout_Plus\library\TM_CAP_P.llb
Tue May 19 14:28:50 Loaded file C:\OrCAD\OrCAD_10.5\tools\Layout_Plus\library\TM_CYLND.llb
Tue May 19 14:28:50 Loaded file C:\OrCAD\OrCAD_10.5\tools\Layout_Plus\library\TM_DIODE.llb
Tue May 19 14:28:50 Loaded file C:\OrCAD\OrCAD_10.5\tools\Layout_Plus\library\TM_DISC.llb
Tue May 19 14:28:50 Loaded file C:\OrCAD\OrCAD_10.5\tools\Layout_Plus\library\TM_RAD.llb
Tue May 19 14:28:50 Loaded file C:\OrCAD\OrCAD_10.5\tools\Layout_Plus\library\TO.llb
Tue May 19 14:28:50 Loaded file C:\OrCAD\OrCAD_10.5\tools\Layout_Plus\library\TRAINING.LLB
Tue May 19 14:28:50 Loaded file C:\OrCAD\OrCAD_10.5\tools\Layout_Plus\library\VRES.llb
Tue May 19 14:28:50 Loaded file C:\OrCAD\OrCAD_10.5\tools\Layout_Plus\library\WCON100T.llb
Tue May 19 14:28:50 Loaded file C:\OrCAD\OrCAD_10.5\tools\Layout_Plus\library\XT.llb
Tue May 19 14:28:50 Loaded file C:\OrCAD\OrCAD_10.5\tools\Layout_Plus\library\ZIGZAG.llb
Tue May 19 14:28:50 Loaded file C:\USERS\VENELIN\DESKTOP\ULTRASONIC_TRILATERATION\ARDUINO.LLB
Tue May 19 14:28:50 Loaded file C:\OrCAD\OrCAD_10.5\tools\Layout_Plus\library\SIP.llb
Tue May 19 14:28:50 Loaded file C:\USERS\VENELIN\DOCUMENTS\TONEW.LLB
Tue May 19 14:28:50 Loaded file C:\OrCAD\OrCAD_10.5\tools\Layout_Plus\library\TM_AXIAL.llb
Tue May 19 14:28:50 Loaded file C:\USERS\VENELIN\DESKTOP\ULTRASONIC_TRILATERATION\ARDUINO.LLB
Tue May 19 14:28:54 Saved as file C:\USERS\VENELIN\DESKTOP\ULTRASONIC_TRILATERATION\TRANSMITTER\TRANSMITTER-1.MAX
Tue May 19 14:29:07 Saved as file ~undo.max
Tue May 19 14:29:12 Saved as file ~undo.max
Tue May 19 14:29:15 Saved as file ~undo.max
Tue May 19 14:29:18 Saved as file ~undo.max
Tue May 19 14:29:22 Saved as file ~undo.max
Tue May 19 14:29:24 Saved as file ~undo.max
Tue May 19 14:29:26 Saved as file ~undo.max
Tue May 19 14:29:29 Saved as file ~undo.max
Tue May 19 14:29:31 Saved as file ~undo.max
Tue May 19 14:29:34 Saved as file ~undo.max
Tue May 19 14:29:40 Saved as file ~undo.max
Tue May 19 14:29:43 Saved as file ~undo.max
Tue May 19 14:29:46 Saved as file ~undo.max
Tue May 19 14:29:55 Saved as file ~undo.max
Tue May 19 14:29:58 Saved as file ~undo.max
Tue May 19 14:30:00 Saved as file ~undo.max
Tue May 19 14:30:05 Saved as file ~undo.max
Tue May 19 14:30:08 Saved as file ~undo.max
Tue May 19 14:31:09 Saved as file ~undo.max
Tue May 19 14:34:45 Saved as file ~undo.max
Tue May 19 14:34:45 Saved as file ~undo.max
Tue May 19 14:34:46 Saved as file ~undo.max
Tue May 19 14:34:46 Saved as file ~undo.max
Tue May 19 14:34:46 Saved as file ~undo.max
Tue May 19 14:34:46 Saved as file ~undo.max
Tue May 19 14:34:46 Saved as file ~undo.max
Tue May 19 14:34:46 Saved as file ~undo.max
Tue May 19 14:34:46 Saved as file ~undo.max
Tue May 19 14:34:47 Saved as file ~undo.max
Tue May 19 14:34:47 Saved as file ~undo.max
Tue May 19 14:36:16 Saved as file ~undo.max
Tue May 19 14:36:16 Saved as file ~undo.max
Tue May 19 14:36:27 Saved as file ~undo.max
Tue May 19 14:36:27 Saved as file ~undo.max
Tue May 19 14:36:27 Saved as file ~undo.max
Tue May 19 14:36:27 Saved as file ~undo.max
Tue May 19 14:36:27 Saved as file ~undo.max
Tue May 19 14:36:27 Saved as file ~undo.max
Tue May 19 14:36:27 Saved as file ~undo.max
Tue May 19 14:36:37 Saved as file ~undo.max
Tue May 19 14:36:42 Saved as file ~undo.max
Tue May 19 14:36:42 Saved as file ~undo.max
Tue May 19 14:36:42 Saved as file ~undo.max
Tue May 19 14:36:42 Saved as file ~undo.max
Tue May 19 14:36:46 Saved as file ~undo.max
Tue May 19 14:37:13 Saved as file ~undo.max
Tue May 19 14:37:30 Saved as file ~undo.max
Tue May 19 14:37:34 Saved as file ~undo.max
Tue May 19 14:38:25 Saved as file C:\USERS\VENELIN\DESKTOP\ULTRASONIC_TRILATERATION\TRANSMITTER\TRANSMITTER-1.MAX
