Thu May 07 18:31:59 Saved as file C:\USERS\VENELIN\DESKTOP\ULTRASONIC_TRILATERATION\ARDUINO.LLB
Thu May 07 18:31:59 Loaded file C:\USERS\VENELIN\DESKTOP\ULTRASONIC_TRILATERATION\ARDUINO.LLB
Thu May 07 18:31:59 Saved as file C:\USERS\VENELIN\DESKTOP\ULTRASONIC_TRILATERATION\ARDUINO.LLB
Thu May 07 18:32:02 Loaded file C:\USERS\VENELIN\DESKTOP\ULTRASONIC_TRILATERATION\ARDUINO.LLB
Thu May 07 18:32:02 Saved as file C:\USERS\VENELIN\DESKTOP\ULTRASONIC_TRILATERATION\ARDUINO.LLB
Thu May 07 18:32:02 Loaded file C:\USERS\VENELIN\DESKTOP\ULTRASONIC_TRILATERATION\ARDUINO.LLB
Thu May 07 18:32:02 Loaded file C:\OrCAD\OrCAD_10.5\tools\Layout_Plus\data\template.imp
Thu May 07 18:32:45 Saved as file C:\OrCAD\OrCAD_10.5\tools\Layout_Plus\data\template.imp
Thu May 07 18:37:14 Saved as file C:\OrCAD\OrCAD_10.5\tools\Layout_Plus\data\template.imp
Thu May 07 18:38:29 Saved as file C:\OrCAD\OrCAD_10.5\tools\Layout_Plus\data\template.imp
Thu May 07 18:50:29 Loaded file C:\OrCAD\OrCAD_10.5\tools\Layout_Plus\library\padstack.llb
Thu May 07 19:26:43 Loaded file C:\USERS\VENELIN\DESKTOP\ULTRASONIC_TRILATERATION\ARDUINO.LLB
Thu May 07 19:26:43 Saved as file C:\USERS\VENELIN\DESKTOP\ULTRASONIC_TRILATERATION\ARDUINO.LLB
Thu May 07 19:26:43 Loaded file C:\USERS\VENELIN\DESKTOP\ULTRASONIC_TRILATERATION\ARDUINO.LLB
Thu May 07 19:26:43 Loaded file C:\USERS\VENELIN\DESKTOP\ULTRASONIC_TRILATERATION\ARDUINO.LLB
Thu May 07 19:26:43 Saved as file C:\USERS\VENELIN\DESKTOP\ULTRASONIC_TRILATERATION\ARDUINO.LLB
Thu May 07 19:26:43 Loaded file C:\USERS\VENELIN\DESKTOP\ULTRASONIC_TRILATERATION\ARDUINO.LLB
Thu May 07 19:26:43 Loaded file C:\USERS\VENELIN\DESKTOP\ULTRASONIC_TRILATERATION\ARDUINO.LLB
Thu May 07 19:26:43 Saved as file C:\USERS\VENELIN\DESKTOP\ULTRASONIC_TRILATERATION\ARDUINO.LLB
Thu May 07 19:26:43 Loaded file C:\USERS\VENELIN\DESKTOP\ULTRASONIC_TRILATERATION\ARDUINO.LLB
Thu May 07 19:26:43 Loaded file C:\USERS\VENELIN\DESKTOP\ULTRASONIC_TRILATERATION\ARDUINO.LLB
Thu May 07 19:26:43 Saved as file C:\USERS\VENELIN\DESKTOP\ULTRASONIC_TRILATERATION\ARDUINO.LLB
Thu May 07 19:26:43 Loaded file C:\USERS\VENELIN\DESKTOP\ULTRASONIC_TRILATERATION\ARDUINO.LLB
Thu May 07 22:33:49 Loaded file C:\USERS\VENELIN\DESKTOP\ULTRASONIC_TRILATERATION\ARDUINO.LLB
Thu May 07 22:33:49 Saved as file C:\USERS\VENELIN\DESKTOP\ULTRASONIC_TRILATERATION\ARDUINO.LLB
Thu May 07 22:33:49 Loaded file C:\USERS\VENELIN\DOCUMENTS\SHEET06.LLB
Thu May 07 22:33:51 Loaded file C:\USERS\VENELIN\DESKTOP\ULTRASONIC_TRILATERATION\ARDUINO.LLB
Thu May 07 22:33:53 Loaded file C:\OrCAD\OrCAD_10.5\tools\Layout_Plus\data\template.imp
Thu May 07 22:34:09 Loaded file C:\OrCAD\OrCAD_10.5\tools\Layout_Plus\data\template.imp
Thu May 07 22:34:20 Loaded file C:\USERS\VENELIN\DESKTOP\ULTRASONIC_TRILATERATION\ARDUINO.LLB
Thu May 07 22:34:20 Saved as file C:\USERS\VENELIN\DESKTOP\ULTRASONIC_TRILATERATION\ARDUINO.LLB
Thu May 07 22:34:20 Loaded file C:\USERS\VENELIN\DESKTOP\ULTRASONIC_TRILATERATION\ARDUINO.LLB
Thu May 07 22:34:22 Loaded file C:\OrCAD\OrCAD_10.5\tools\Layout_Plus\data\template.imp
Thu May 07 22:34:24 Loaded file C:\OrCAD\OrCAD_10.5\tools\Layout_Plus\data\template.imp
Thu May 07 22:34:26 Loaded file C:\USERS\VENELIN\DESKTOP\ULTRASONIC_TRILATERATION\ARDUINO.LLB
Thu May 07 22:34:26 Saved as file C:\USERS\VENELIN\DESKTOP\ULTRASONIC_TRILATERATION\ARDUINO.LLB
Thu May 07 22:34:26 Loaded file C:\OrCAD\OrCAD_10.5\tools\Layout_Plus\data\template.imp
Thu May 07 22:34:27 Loaded file C:\OrCAD\OrCAD_10.5\tools\Layout_Plus\data\template.imp
Thu May 07 22:35:05 Loaded file C:\OrCAD\OrCAD_10.5\tools\Layout_Plus\library\padstack.llb
Thu May 07 22:35:17 Loaded file C:\OrCAD\OrCAD_10.5\tools\Layout_Plus\library\padstack.llb
Thu May 07 22:35:25 Loaded file C:\OrCAD\OrCAD_10.5\tools\Layout_Plus\library\padstack.llb
Thu May 07 22:35:36 Loaded file C:\OrCAD\OrCAD_10.5\tools\Layout_Plus\library\padstack.llb
Thu May 07 22:35:51 Loaded file C:\USERS\VENELIN\DESKTOP\ULTRASONIC_TRILATERATION\ARDUINO.LLB
Thu May 07 22:35:51 Saved as file C:\USERS\VENELIN\DESKTOP\ULTRASONIC_TRILATERATION\ARDUINO.LLB
Thu May 07 22:35:51 Loaded file C:\USERS\VENELIN\DESKTOP\ULTRASONIC_TRILATERATION\ARDUINO.LLB
Thu May 07 22:35:51 Loaded file C:\OrCAD\OrCAD_10.5\tools\Layout_Plus\data\template.imp
Thu May 07 22:35:53 Loaded file C:\OrCAD\OrCAD_10.5\tools\Layout_Plus\data\template.imp
Thu May 07 22:35:53 Loaded file C:\OrCAD\OrCAD_10.5\tools\Layout_Plus\data\template.imp
Thu May 07 22:36:36 Loaded file C:\OrCAD\OrCAD_10.5\tools\Layout_Plus\data\template.imp
Thu May 07 22:36:37 Loaded file C:\OrCAD\OrCAD_10.5\tools\Layout_Plus\data\template.imp
Thu May 07 22:36:38 Loaded file C:\OrCAD\OrCAD_10.5\tools\Layout_Plus\data\template.imp
Thu May 07 22:36:41 Loaded file C:\OrCAD\OrCAD_10.5\tools\Layout_Plus\data\template.imp
