AutoECO Report
FILE-A: C:\USERS\VENELIN\DESKTOP\ULTRASONIC_TRILATERATION\RECEIVER\RECEIVER-6.MAX
FILE-B: C:\USERS\VENELIN\DESKTOP\ULTRASONIC_TRILATERATION\RECEIVER\RECEIVER.MNL
If "*EOF*" immediately follows, no changes were made
Adding net VIN
Net GND -- overriding attributes
Net 5V -- overriding attributes
Net N01648 -- overriding attributes
Net N01681 -- overriding attributes
Net N01716 -- overriding attributes
Net N01753 -- overriding attributes
Net N01792 -- overriding attributes
Net N01833 -- overriding attributes
Net N01876 -- overriding attributes
Net N01921 -- overriding attributes
Net N01968 -- overriding attributes
Net N02017 -- overriding attributes
Net N02068 -- overriding attributes
Net N02121 -- overriding attributes
Net N02176 -- overriding attributes
Net N02233 -- overriding attributes
Net N02292 -- overriding attributes
Net N02394 -- overriding attributes
Net N04028 -- overriding attributes
Net N05048 -- overriding attributes
Net N05613 -- overriding attributes
Net N05767 -- overriding attributes
Net N05929 -- overriding attributes
Net N06099 -- overriding attributes
Net N07772 -- overriding attributes
Net N07992 -- overriding attributes
Net N08787 -- overriding attributes
Net N07457 -- overriding attributes
Net N09994 -- overriding attributes
Net N10252 -- overriding attributes
Net N10518 -- overriding attributes
Net N10792 -- overriding attributes
Net N10934 -- overriding attributes
Net N11222 -- overriding attributes
Net N11518 -- overriding attributes
Net N11822 -- overriding attributes
Net N14936 -- overriding attributes
Net N15373 -- overriding attributes
Net N15821 -- overriding attributes
Net N16157 -- overriding attributes
Net N16501 -- overriding attributes
Net N16853 -- overriding attributes
Net N17213 -- overriding attributes
Net N17762 -- overriding attributes
*EOF*
No errors found
