AutoECO Report
FILE-A: C:\ORCAD\ORCAD_10.5\TOOLS\LAYOUT_PLUS\DATA\_DEFAULT.TCH
FILE-B: C:\USERS\VENELIN\DESKTOP\ULTRASONIC_TRILATERATION\RECEIVER\RECEIVER.MNL
If "*EOF*" immediately follows, no changes were made
Adding footprint LED3MM
Adding footprint AX/.300X.100/.028
Adding footprint DIP.100/16/W.300/L.900
Adding footprint PHOTOTR
Adding footprint ARDUINO UNO R3
Adding footprint SIP\4P
Adding footprint SIP\3P
Adding package LED
Adding package R
Adding package 74HC595
Adding package L14Q1_0
Adding package ARDUINO_UNO_R3_0
Adding package HC-SR04
Adding package POT_3
Adding component D14
Adding component R11
Adding component R4
Adding component D1
Adding component R18
Adding component D15
Adding component U3
Adding component D2
Adding component R12
Adding component U5
Adding component R5
Adding component D16
Adding component D3
Adding component R13
Adding component R6
Adding component D4
Adding component U4
Adding component D7
Adding component U6
Adding component U8
Adding component U1
Adding component D5
Adding component R14
Adding component D8
Adding component R7
Adding component D6
Adding component R1
Adding component D9
Adding component R15
Adding component R8
Adding component U2
Adding component D10
Adding component U7
Adding component R16
Adding component R9
Adding component D11
Adding component R2
Adding component D12
Adding component R17
Adding component R10
Adding component R3
Adding component D13
Adding net GND_2
Adding net GND
Adding net 5V
Adding net N01648
Adding net N01681
Adding net N01716
Adding net N01753
Adding net N01792
Adding net N01833
Adding net N01876
Adding net N01921
Adding net N01968
Adding net N02017
Adding net N02068
Adding net N02121
Adding net N02176
Adding net N02233
Adding net N02292
Adding net N02394
Adding net N04028
Adding net N05048
Adding net N05613
Adding net N05767
Adding net N05929
Adding net N06099
Adding net N07772
Adding net N07992
Adding net N08787
Adding net N07457
Adding net N09994
Adding net N10252
Adding net N10518
Adding net N10792
Adding net N10934
Adding net N11222
Adding net N11518
Adding net N11822
Adding net N14936
Adding net N15373
Adding net N15821
Adding net N16157
Adding net N16501
Adding net N16853
Adding net N17213
Adding net N17762
Adding net GND_1
Deleting net DEFAULT
*EOF*
No errors found
