AutoECO Report
FILE-A: C:\USERS\VENELIN\DESKTOP\ULTRASONIC_TRILATERATION\RECEIVER\RECEIVER-5.MAX
FILE-B: C:\USERS\VENELIN\DESKTOP\ULTRASONIC_TRILATERATION\RECEIVER\RECEIVER.MNL
If "*EOF*" immediately follows, no changes were made
Adding footprint SIP/TM/L.400/4
Component D14 -- overriding attributes
Component R11 -- overriding attributes
Component R4 -- overriding attributes
Component D1 -- overriding attributes
Component R18 -- overriding attributes
Component D15 -- overriding attributes
Component U3 -- overriding attributes
Component D2 -- overriding attributes
Component R12 -- overriding attributes
Component U5 -- overriding attributes
Component R5 -- overriding attributes
Component D16 -- overriding attributes
Component D3 -- overriding attributes
Component R13 -- overriding attributes
Component R6 -- overriding attributes
Component D4 -- overriding attributes
Component U4 -- overriding attributes
Component D7 -- overriding attributes
Component U6 -- overriding attributes
Component U8 -- overriding attributes
Component U1 -- overriding attributes
Component D5 -- overriding attributes
Component R14 -- overriding attributes
Component D8 -- overriding attributes
Component R7 -- overriding attributes
Component D6 -- overriding attributes
Component R1 -- overriding attributes
Component D9 -- overriding attributes
Component R15 -- overriding attributes
Component R8 -- overriding attributes
Component U2 -- overriding attributes
Component D10 -- overriding attributes
Component U7 -- overriding attributes
Component R16 -- overriding attributes
Component R9 -- overriding attributes
Component D11 -- overriding attributes
Component R2 -- overriding attributes
Component D12 -- overriding attributes
Component R17 -- overriding attributes
Component R10 -- overriding attributes
Component R3 -- overriding attributes
Component D13 -- overriding attributes
Net GND -- overriding attributes
Net 5V -- overriding attributes
Net N01648 -- overriding attributes
Net N01681 -- overriding attributes
Net N01716 -- overriding attributes
Net N01753 -- overriding attributes
Net N01792 -- overriding attributes
Net N01833 -- overriding attributes
Net N01876 -- overriding attributes
Net N01921 -- overriding attributes
Net N01968 -- overriding attributes
Net N02017 -- overriding attributes
Net N02068 -- overriding attributes
Net N02121 -- overriding attributes
Net N02176 -- overriding attributes
Net N02233 -- overriding attributes
Net N02292 -- overriding attributes
Net N02394 -- overriding attributes
Net N04028 -- overriding attributes
Net N05048 -- overriding attributes
Net N05613 -- overriding attributes
Net N05767 -- overriding attributes
Net N05929 -- overriding attributes
Net N06099 -- overriding attributes
Net N07772 -- overriding attributes
Net N07992 -- overriding attributes
Net N08787 -- overriding attributes
Net N07457 -- overriding attributes
Net N09994 -- overriding attributes
Net N10252 -- overriding attributes
Net N10518 -- overriding attributes
Net N10792 -- overriding attributes
Net N10934 -- overriding attributes
Net N11222 -- overriding attributes
Net N11518 -- overriding attributes
Net N11822 -- overriding attributes
Net N14936 -- overriding attributes
Net N15373 -- overriding attributes
Net N15821 -- overriding attributes
Net N16157 -- overriding attributes
Net N16501 -- overriding attributes
Net N16853 -- overriding attributes
Net N17213 -- overriding attributes
Net N17762 -- overriding attributes
*EOF*
No errors found
